00:00:00.164838 VirtualBox GUI VM Selector Window 7.0.14 r161095 linux.amd64 (Jan 19 2024 13:54:29) release log
00:00:00.164839 Log opened 2024-04-02T14:37:55.766559000Z
00:00:00.164840 Build Type: release
00:00:00.164842 OS Product: Linux
00:00:00.164843 OS Release: 6.8.2-arch2-1
00:00:00.164844 OS Version: #1 SMP PREEMPT_DYNAMIC Thu, 28 Mar 2024 17:06:35 +0000
00:00:00.164862 DMI Product Name: Latitude E7450
00:00:00.164870 DMI Product Version: 01
00:00:00.164874 Firmware type: UEFI
00:00:00.165051 Secure Boot: Disabled
00:00:00.165081 Host RAM: 11853MB (11.5GB) total, 10308MB (10.0GB) available
00:00:00.165083 Executable: /usr/lib/virtualbox/VirtualBox
00:00:00.165084 Process ID: 36873
00:00:00.165084 Package type: LINUX_64BITS_GENERIC (OSE)
00:00:00.165120 Qt version: 5.15.13
00:00:00.165794 GUI: UIMediumEnumerator: Initial medium-enumeration finished!
00:00:00.175289 GUI: UIMediumEnumerator: Medium-enumeration started...
00:00:00.900306 GUI: UIMediumEnumerator: Medium-enumeration finished!
00:00:00.983081 GUI: UIDesktopWidgetWatchdog::sltHandleHostScreenAvailableGeometryCalculated: Screen 0 work area is actually resized to: 574x322 x 960x540
00:00:09.850799 GUI: UIMediumEnumerator: Medium-enumeration finished!
00:00:25.132420 GUI: UIMediumEnumerator: Medium-enumeration finished!
00:00:28.568671 GUI: UIMediumEnumerator: Medium-enumeration finished!
00:00:52.956274 GUI: UIMediumEnumerator: Medium-enumeration finished!
00:01:31.410708 GUI: UIMediumEnumerator: Medium-enumeration finished!
00:01:55.480949 GUI: UIMediumEnumerator: Medium-enumeration finished!
00:02:07.032057 GUI: UIMediumEnumerator: Medium-enumeration finished!
00:02:08.047932 GUI: UICommon: Handling aboutToQuit request..
00:02:08.764142 GUI: UICommon: aboutToQuit request handled!
