00:00:00.000448 main     VirtualBox XPCOM Server 7.0.14 r161095 linux.amd64 (Jan 19 2024 13:54:29) release log
00:00:00.000450 main     Log opened 2024-04-02T19:54:14.357411000Z
00:00:00.000451 main     Build Type: release
00:00:00.000453 main     OS Product: Linux
00:00:00.000455 main     OS Release: 6.8.2-arch2-1
00:00:00.000456 main     OS Version: #1 SMP PREEMPT_DYNAMIC Thu, 28 Mar 2024 17:06:35 +0000
00:00:00.000481 main     DMI Product Name: Latitude E7450
00:00:00.000496 main     DMI Product Version: 01
00:00:00.000502 main     Firmware type: UEFI
00:00:00.000821 main     Secure Boot: Disabled
00:00:00.000864 main     Host RAM: 11853MB (11.5GB) total, 9372MB (9.1GB) available
00:00:00.000866 main     Executable: /usr/lib/virtualbox/VBoxSVC
00:00:00.000867 main     Process ID: 12297
00:00:00.000867 main     Package type: LINUX_64BITS_GENERIC (OSE)
00:00:00.002568 main     IPC socket path: /tmp/.vbox-ahmad-ipc/ipcd
00:00:00.108724 nspr-2   VirtualBox: object creation starts
00:00:00.108810 nspr-2   Home directory: '/home/ahmad/.config/VirtualBox'
00:00:00.108939 nspr-2   Loading settings file "/home/ahmad/.config/VirtualBox/VirtualBox.xml" with version "1.12-linux"
00:00:00.136608 nspr-2   NetIfAdpCtlOut: VBoxNetAdpCtl: Error while retrieving link speed for wlan1: VBoxNetAdpCtl: ioctl failed: Operation not supported
00:00:00.137618 nspr-2   HostDnsMonitor: initializing
00:00:00.137864 nspr-2   NAT: resolv.conf: nameserver 127.0.0.53
00:00:00.137873 nspr-2   NAT: resolv.conf: ignoring "options edns0 trust-ad"
00:00:00.137888 nspr-2   HostDnsMonitor: updating information
00:00:00.137900 nspr-2   HostDnsMonitor: old information
00:00:00.137902 nspr-2     no server entries
00:00:00.137903 nspr-2     no domain set
00:00:00.137905 nspr-2     no search string entries
00:00:00.137906 nspr-2   HostDnsMonitor: new information
00:00:00.137908 nspr-2     server 1: 127.0.0.53
00:00:00.137910 nspr-2     domain: .
00:00:00.137911 nspr-2     search string 1: .
00:00:00.140110 nspr-2   VD: VDInit finished with VINF_SUCCESS
00:00:00.140265 nspr-2   ERROR [COM]: aRC=NS_ERROR_FAILURE (0x80004005) aIID={aac6c7cb-a371-4c58-ab51-0616896b2f2c} aComponent={SystemPropertiesWrap} aText={Cannot determine default Guest Additions ISO location. Most likely they are not available}, preserve=false aResultDetail=0
00:00:00.143626 nspr-2   Loading settings file "/run/media/ahmad/2ff70170-5d56-4b2a-ac8a-492d891ec251/virtualbox/kali-linux-2024.1-virtualbox-amd64.vbox" with version "1.19-linux"
00:00:00.145867 nspr-2   VirtualBox: object created
00:00:00.152017 nspr-2   Launched VM: 4133063488 pid: 12318 (0x301e) frontend: GUI/Qt name: kali-linux-2024.1-virtualbox-amd64
00:00:01.408150 nspr-6   WARNING [COM]: aRC=NS_ERROR_FAILURE (0x80004005) aIID={e54f6256-97a7-4947-8a78-10c013ddf4b8} aComponent={HostWrap} aText={VirtualBox is not currently allowed to access USB devices.  You can change this by adding your user to the 'vboxusers' group.  Please see the user manual for a more detailed explanation}, preserve=true aResultDetail=0
00:00:01.409250 nspr-3   WARNING [COM]: aRC=NS_ERROR_FAILURE (0x80004005) aIID={e54f6256-97a7-4947-8a78-10c013ddf4b8} aComponent={HostWrap} aText={VirtualBox is not currently allowed to access USB devices.  You can change this by adding your user to the 'vboxusers' group.  Please see the user manual for a more detailed explanation}, preserve=true aResultDetail=0
00:00:01.410088 nspr-3   ERROR [COM]: aRC=VBOX_E_OBJECT_NOT_FOUND (0x80bb0001) aIID={70401eef-c8e9-466b-9660-45cb3e9979e4} aComponent={ExtPackManagerWrap} aText={No extension pack by the name 'Oracle VM VirtualBox Extension Pack' was found}, preserve=false aResultDetail=0
00:00:01.442303 nspr-3   ERROR [COM]: aRC=VBOX_E_IPRT_ERROR (0x80bb0005) aIID={300763af-5d6b-46e6-aa96-273eac15538a} aComponent={SessionMachine} aText={Saved screenshot data is not available (VERR_NOT_SUPPORTED)}, preserve=false aResultDetail=-37
00:00:01.493196 nspr-6   NetIfAdpCtlOut: VBoxNetAdpCtl: Error while retrieving link speed for wlan1: VBoxNetAdpCtl: ioctl failed: Operation not supported
00:00:01.500164 nspr-5   WARNING [COM]: aRC=NS_ERROR_FAILURE (0x80004005) aIID={e54f6256-97a7-4947-8a78-10c013ddf4b8} aComponent={HostWrap} aText={VirtualBox is not currently allowed to access USB devices.  You can change this by adding your user to the 'vboxusers' group.  Please see the user manual for a more detailed explanation}, preserve=false aResultDetail=0
00:00:01.501028 nspr-6   WARNING [COM]: aRC=NS_ERROR_FAILURE (0x80004005) aIID={e54f6256-97a7-4947-8a78-10c013ddf4b8} aComponent={HostWrap} aText={VirtualBox is not currently allowed to access USB devices.  You can change this by adding your user to the 'vboxusers' group.  Please see the user manual for a more detailed explanation}, preserve=true aResultDetail=0
00:00:01.501195 nspr-6   WARNING [COM]: aRC=NS_ERROR_FAILURE (0x80004005) aIID={e54f6256-97a7-4947-8a78-10c013ddf4b8} aComponent={HostWrap} aText={VirtualBox is not currently allowed to access USB devices.  You can change this by adding your user to the 'vboxusers' group.  Please see the user manual for a more detailed explanation}, preserve=true aResultDetail=0
00:00:01.581712 nspr-5   WARNING [COM]: aRC=NS_ERROR_FAILURE (0x80004005) aIID={e54f6256-97a7-4947-8a78-10c013ddf4b8} aComponent={HostWrap} aText={VirtualBox is not currently allowed to access USB devices.  You can change this by adding your user to the 'vboxusers' group.  Please see the user manual for a more detailed explanation}, preserve=true aResultDetail=0
00:00:02.045365 nspr-5   ERROR [COM]: aRC=VBOX_E_OBJECT_NOT_FOUND (0x80bb0001) aIID={ad47ad09-787b-44ab-b343-a082a3f2dfb1} aComponent={MediumWrap} aText={Property 'CRYPT/KeyId' does not exist}, preserve=false aResultDetail=0
00:00:02.046611 nspr-5   ERROR [COM]: aRC=VBOX_E_OBJECT_NOT_FOUND (0x80bb0001) aIID={ad47ad09-787b-44ab-b343-a082a3f2dfb1} aComponent={MediumWrap} aText={Property 'CRYPT/KeyId' does not exist}, preserve=false aResultDetail=0
00:00:42.636243 nspr-6   Saving settings file "/run/media/ahmad/2ff70170-5d56-4b2a-ac8a-492d891ec251/virtualbox/kali-linux-2024.1-virtualbox-amd64.vbox" with version "1.19-linux"
00:00:42.638490 nspr-6   Finished saving settings file "/run/media/ahmad/2ff70170-5d56-4b2a-ac8a-492d891ec251/virtualbox/kali-linux-2024.1-virtualbox-amd64.vbox"
00:00:48.639614 main     VirtualBox: object deletion starts
00:00:48.639649 main     ERROR [COM]: aRC=VBOX_E_OBJECT_IN_USE (0x80bb000c) aIID={ad47ad09-787b-44ab-b343-a082a3f2dfb1} aComponent={MediumWrap} aText={Medium '/run/media/ahmad/2ff70170-5d56-4b2a-ac8a-492d891ec251/virtualbox/kali-linux-2024.1-virtualbox-amd64.vdi' cannot be closed because it is still attached to 1 virtual machines}, preserve=false aResultDetail=0
00:00:48.640117 main     HostDnsMonitor: shutting down ...
00:00:48.640394 main     HostDnsMonitor: shut down
00:00:48.651001 Watcher  ERROR [COM]: aRC=E_ACCESSDENIED (0x80070005) aIID={7682d5eb-f00e-44f1-8ca2-99d08b1cd607} aComponent={VirtualBoxWrap} aText={The object is not ready}, preserve=false aResultDetail=0
00:00:48.651074 main     VirtualBox: object deleted
